2023-01-03 17:16:44,392 [INFO] Activator:179 - 


2023-01-03 17:16:44,393 [INFO] Activator:180 - !SESSION log4j initialized
2023-01-03 17:17:07,166 [ERROR] LogOutputStream:74 - [STDERR_REDIRECT] SLF4J: Failed to load class "org.slf4j.impl.StaticLoggerBinder".
2023-01-03 17:17:07,167 [ERROR] LogOutputStream:74 - [STDERR_REDIRECT] SLF4J: Defaulting to no-operation (NOP) logger implementation
2023-01-03 17:17:07,168 [ERROR] LogOutputStream:74 - [STDERR_REDIRECT] SLF4J: See http://www.slf4j.org/codes.html#StaticLoggerBinder for further details.
2023-01-03 17:17:46,020 [INFO] Activator:179 - 


2023-01-03 17:17:46,020 [INFO] Activator:180 - !SESSION log4j initialized
2023-01-03 17:18:09,070 [ERROR] LogOutputStream:74 - [STDERR_REDIRECT] SLF4J: Failed to load class "org.slf4j.impl.StaticLoggerBinder".
2023-01-03 17:18:09,080 [ERROR] LogOutputStream:74 - [STDERR_REDIRECT] SLF4J: Defaulting to no-operation (NOP) logger implementation
2023-01-03 17:18:09,081 [ERROR] LogOutputStream:74 - [STDERR_REDIRECT] SLF4J: See http://www.slf4j.org/codes.html#StaticLoggerBinder for further details.
2023-01-03 17:18:25,920 [INFO] McuFinderGlobals:52 - Set McuFinder mode to 2 (CubeIDE integrated)
2023-01-03 17:18:26,030 [INFO] ApplicationProperties:181 - Using Application install path: C:\ST\STM32CubeIDE_1.11.0\STM32CubeIDE\plugins\com.st.stm32cube.common.mx_6.7.0.202211181646
2023-01-03 17:18:26,042 [INFO] DbMcusXml:77 - Set database path to: C:\ST\STM32CubeIDE_1.11.0\STM32CubeIDE\plugins\com.st.stm32cube.common.mx_6.7.0.202211181646\\db\/mcu/
2023-01-03 17:18:26,042 [INFO] ApiDb:273 - Set plugin database path to: C:\ST\STM32CubeIDE_1.11.0\STM32CubeIDE\plugins\com.st.stm32cube.common.mx_6.7.0.202211181646\\db\/plugins/boardmanager/
2023-01-03 17:18:26,042 [WARN] ApiDb:258 - Overriding images path with different value:  => C:\ST\STM32CubeIDE_1.11.0\STM32CubeIDE\plugins\com.st.stm32cube.common.mx_6.7.0.202211181646\\db\/plugins/mcufinder/images/
2023-01-03 17:18:26,058 [INFO] ApiDb:249 - Set database path to: C:\Users\anton\.stmcufinder\plugins\mcufinder//mcu/
2023-01-03 17:18:26,060 [INFO] DbMcusAds:124 - Set database path to: C:\Users\anton\.stmcufinder\plugins\mcufinder//mcu/
2023-01-03 17:18:26,070 [INFO] CrossReferenceDbSqlite:202 - Set database path to: C:\Users\anton\.stmcufinder\plugins\mcufinder//mcu/cs/
2023-01-03 17:18:26,145 [INFO] RulesReader:61 - Compatibility file has been processed (283 Rules)
2023-01-03 17:18:26,190 [INFO] DbMcusXml:77 - Set database path to: C:\ST\STM32CubeIDE_1.11.0\STM32CubeIDE\plugins\com.st.stm32cube.common.mx_6.7.0.202211181646\\db\/mcu/
2023-01-03 17:18:26,190 [INFO] ApiDb:273 - Set plugin database path to: C:\ST\STM32CubeIDE_1.11.0\STM32CubeIDE\plugins\com.st.stm32cube.common.mx_6.7.0.202211181646\\db\/plugins/boardmanager/
2023-01-03 17:18:26,190 [INFO] ApiDb:260 - Set plugin images path to: C:\ST\STM32CubeIDE_1.11.0\STM32CubeIDE\plugins\com.st.stm32cube.common.mx_6.7.0.202211181646\\db\/plugins/mcufinder/images/
2023-01-03 17:18:26,190 [WARN] DbFile:40 - Overriding database path with different value: C:\Users\anton\.stmcufinder\plugins\mcufinder/ => C:\Users\anton\.stmcufinder\plugins\mcufinder
2023-01-03 17:18:26,190 [INFO] ApiDb:249 - Set database path to: C:\Users\anton\.stmcufinder\plugins\mcufinder//mcu/
2023-01-03 17:18:26,190 [WARN] DbFile:40 - Overriding database path with different value: C:\Users\anton\.stmcufinder\plugins\mcufinder/ => C:\Users\anton\.stmcufinder\plugins\mcufinder
2023-01-03 17:18:26,190 [INFO] DbMcusAds:124 - Set database path to: C:\Users\anton\.stmcufinder\plugins\mcufinder//mcu/
2023-01-03 17:18:26,197 [WARN] DbFile:40 - Overriding database path with different value: C:\Users\anton\.stmcufinder\plugins\mcufinder/ => C:\Users\anton\.stmcufinder\plugins\mcufinder
2023-01-03 17:18:26,197 [WARN] DbFile:40 - Overriding database path with different value: C:\Users\anton\.stmcufinder\plugins\mcufinder/ => C:\Users\anton\.stmcufinder\plugins\mcufinder
2023-01-03 17:18:26,197 [INFO] CrossReferenceDbSqlite:202 - Set database path to: C:\Users\anton\.stmcufinder\plugins\mcufinder//mcu/cs/
2023-01-03 17:18:26,240 [INFO] MainPanel:252 - HeapMemory: 268435456
2023-01-03 17:18:26,300 [INFO] DbMcusXml:77 - Set database path to: C:\ST\STM32CubeIDE_1.11.0\STM32CubeIDE\plugins\com.st.stm32cube.common.mx_6.7.0.202211181646\\db\/mcu/
2023-01-03 17:18:26,300 [INFO] ApiDb:273 - Set plugin database path to: C:\ST\STM32CubeIDE_1.11.0\STM32CubeIDE\plugins\com.st.stm32cube.common.mx_6.7.0.202211181646\\db\/plugins/boardmanager/
2023-01-03 17:18:26,300 [INFO] ApiDb:260 - Set plugin images path to: C:\ST\STM32CubeIDE_1.11.0\STM32CubeIDE\plugins\com.st.stm32cube.common.mx_6.7.0.202211181646\\db\/plugins/mcufinder/images/
2023-01-03 17:18:26,300 [WARN] DbFile:40 - Overriding database path with different value: C:\Users\anton\.stmcufinder\plugins\mcufinder/ => C:\Users\anton\.stmcufinder\plugins\mcufinder
2023-01-03 17:18:26,300 [INFO] ApiDb:249 - Set database path to: C:\Users\anton\.stmcufinder\plugins\mcufinder//mcu/
2023-01-03 17:18:26,300 [WARN] DbFile:40 - Overriding database path with different value: C:\Users\anton\.stmcufinder\plugins\mcufinder/ => C:\Users\anton\.stmcufinder\plugins\mcufinder
2023-01-03 17:18:26,300 [INFO] DbMcusAds:124 - Set database path to: C:\Users\anton\.stmcufinder\plugins\mcufinder//mcu/
2023-01-03 17:18:26,300 [WARN] DbFile:40 - Overriding database path with different value: C:\Users\anton\.stmcufinder\plugins\mcufinder/ => C:\Users\anton\.stmcufinder\plugins\mcufinder
2023-01-03 17:18:26,300 [WARN] DbFile:40 - Overriding database path with different value: C:\Users\anton\.stmcufinder\plugins\mcufinder/ => C:\Users\anton\.stmcufinder\plugins\mcufinder
2023-01-03 17:18:26,300 [INFO] CrossReferenceDbSqlite:202 - Set database path to: C:\Users\anton\.stmcufinder\plugins\mcufinder//mcu/cs/
2023-01-03 17:18:26,320 [INFO] ApplicationProperties:181 - Using Application install path: C:\ST\STM32CubeIDE_1.11.0\STM32CubeIDE\plugins\com.st.stm32cube.common.mx_6.7.0.202211181646
2023-01-03 17:18:26,320 [INFO] PluginManage:193 - Search for loadable plugins [exclusion list=, ]
2023-01-03 17:18:26,320 [INFO] PluginManage:307 - Check plugin analytics
2023-01-03 17:18:26,450 [INFO] AnalyticsPlugin:262 - Accepted Software Licenses: 
2023-01-03 17:18:26,450 [INFO] AnalyticsPlugin:264 - Accepted CMSIS Pack Licenses: 
2023-01-03 17:18:26,450 [INFO] AnalyticsPlugin:266 - Accepted Firmware Licenses: 
2023-01-03 17:18:26,460 [INFO] PluginManage:356 - Loaded plugin analytics (category:tool,tabindex:-1)
2023-01-03 17:18:26,460 [INFO] PluginManage:307 - Check plugin cadmodel
2023-01-03 17:18:26,460 [INFO] CADModel:104 - Init CAD model plugin
2023-01-03 17:18:26,460 [INFO] PluginManage:356 - Loaded plugin cadmodel (category:power,tabindex:5)
2023-01-03 17:18:26,460 [INFO] PluginManage:307 - Check plugin clock
2023-01-03 17:18:26,470 [INFO] PluginManage:356 - Loaded plugin clock (category:base,tabindex:2)
2023-01-03 17:18:26,473 [INFO] PluginManage:307 - Check plugin ddr
2023-01-03 17:18:26,473 [INFO] PluginManage:356 - Loaded plugin ddr (category:tool,tabindex:6)
2023-01-03 17:18:26,473 [INFO] PluginManage:307 - Check plugin filemanager
2023-01-03 17:18:26,580 [INFO] PluginManage:356 - Loaded plugin filemanager (category:base,tabindex:10)
2023-01-03 17:18:26,585 [INFO] PluginManage:307 - Check plugin ipmanager
2023-01-03 17:18:26,590 [INFO] PluginManage:356 - Loaded plugin ipmanager (category:base,tabindex:5)
2023-01-03 17:18:26,590 [INFO] PluginManage:307 - Check plugin lpbam
2023-01-03 17:18:26,597 [INFO] PluginManage:356 - Loaded plugin lpbam (category:base,tabindex:0)
2023-01-03 17:18:26,597 [INFO] PluginManage:307 - Check plugin pinoutandconfiguration
2023-01-03 17:18:26,601 [INFO] PluginManage:356 - Loaded plugin pinoutandconfiguration (category:base,tabindex:1)
2023-01-03 17:18:26,601 [INFO] PluginManage:307 - Check plugin pinoutconfig
2023-01-03 17:18:26,630 [INFO] PluginManage:356 - Loaded plugin pinoutconfig (category:base,tabindex:0)
2023-01-03 17:18:26,630 [INFO] PluginManage:307 - Check plugin power
2023-01-03 17:18:26,633 [INFO] PluginManage:356 - Loaded plugin power (category:power,tabindex:4)
2023-01-03 17:18:26,633 [INFO] PluginManage:307 - Check plugin projectmanager
2023-01-03 17:18:26,640 [INFO] PluginManage:356 - Loaded plugin projectmanager (category:projectmanager,tabindex:3)
2023-01-03 17:18:26,648 [INFO] PluginManage:307 - Check plugin thirdparty
2023-01-03 17:18:26,728 [WARN] IntegrityCheckThread:82 - waiting for thirdparty lock release [integrity check]
2023-01-03 17:18:26,730 [INFO] PluginManage:356 - Loaded plugin thirdparty (category:base,tabindex:-1)
2023-01-03 17:18:26,730 [INFO] IntegrityCheckThread:84 - entering critical section [integrity check]
2023-01-03 17:18:26,730 [INFO] PluginManage:307 - Check plugin tools
2023-01-03 17:18:26,730 [INFO] ThirdPartyUpdaterWithRetryManager:70 - Updater plugin not ready yet. [1/15]
2023-01-03 17:18:26,730 [INFO] PluginManage:356 - Loaded plugin tools (category:base,tabindex:7)
2023-01-03 17:18:26,730 [INFO] PluginManage:307 - Check plugin tutovideos
2023-01-03 17:18:26,860 [INFO] PluginManage:356 - Loaded plugin tutovideos (category:base,tabindex:-1)
2023-01-03 17:18:26,860 [INFO] PluginManage:307 - Check plugin updater
2023-01-03 17:18:26,870 [INFO] PluginManage:356 - Loaded plugin updater (category:base,tabindex:12)
2023-01-03 17:18:26,870 [INFO] PluginManage:280 - PluginManage : Loaded plugins [15]
2023-01-03 17:18:27,050 [INFO] PinOutPanel:1477 - setPackage(No Configuration,No Configuration)
2023-01-03 17:18:27,100 [INFO] CADModel:164 - CPN selected for project level
2023-01-03 17:18:27,100 [INFO] CADModel:113 - Register for checkConnection events
2023-01-03 17:18:27,120 [INFO] IPUIPlugin:79 - create IPUIPlugin
2023-01-03 17:18:27,120 [INFO] PluginManager:219 - loadIPPluginJar : add adc
2023-01-03 17:18:27,120 [INFO] IPUIPlugin:79 - create IPUIPlugin
2023-01-03 17:18:27,120 [INFO] PluginManager:219 - loadIPPluginJar : add aes
2023-01-03 17:18:27,120 [INFO] IPUIPlugin:79 - create IPUIPlugin
2023-01-03 17:18:27,120 [INFO] PluginManager:219 - loadIPPluginJar : add can
2023-01-03 17:18:27,124 [INFO] IPUIPlugin:79 - create IPUIPlugin
2023-01-03 17:18:27,124 [INFO] PluginManager:219 - loadIPPluginJar : add comp
2023-01-03 17:18:27,124 [INFO] IPUIPlugin:79 - create IPUIPlugin
2023-01-03 17:18:27,124 [INFO] PluginManager:219 - loadIPPluginJar : add cryp
2023-01-03 17:18:27,124 [INFO] IPUIPlugin:79 - create IPUIPlugin
2023-01-03 17:18:27,124 [INFO] PluginManager:219 - loadIPPluginJar : add dfsdm
2023-01-03 17:18:27,130 [INFO] IPUIPlugin:79 - create IPUIPlugin
2023-01-03 17:18:27,130 [INFO] PluginManager:219 - loadIPPluginJar : add dma
2023-01-03 17:18:27,130 [INFO] IPUIPlugin:79 - create IPUIPlugin
2023-01-03 17:18:27,130 [INFO] PluginManager:219 - loadIPPluginJar : add dma3
2023-01-03 17:18:27,130 [INFO] IPUIPlugin:79 - create IPUIPlugin
2023-01-03 17:18:27,130 [INFO] PluginManager:219 - loadIPPluginJar : add fatfs
2023-01-03 17:18:27,140 [INFO] IPUIPlugin:79 - create IPUIPlugin
2023-01-03 17:18:27,140 [INFO] PluginManager:219 - loadIPPluginJar : add fmc
2023-01-03 17:18:27,140 [INFO] IPUIPlugin:79 - create IPUIPlugin
2023-01-03 17:18:27,140 [INFO] PluginManager:219 - loadIPPluginJar : add freertos
2023-01-03 17:18:27,140 [INFO] IPUIPlugin:79 - create IPUIPlugin
2023-01-03 17:18:27,140 [INFO] PluginManager:219 - loadIPPluginJar : add genericplugin
2023-01-03 17:18:27,140 [INFO] IPUIPlugin:79 - create IPUIPlugin
2023-01-03 17:18:27,140 [INFO] PluginManager:219 - loadIPPluginJar : add gfxmmu
2023-01-03 17:18:27,150 [INFO] IPUIPlugin:79 - create IPUIPlugin
2023-01-03 17:18:27,150 [INFO] PluginManager:219 - loadIPPluginJar : add gic
2023-01-03 17:18:27,150 [INFO] IPUIPlugin:79 - create IPUIPlugin
2023-01-03 17:18:27,150 [INFO] PluginManager:219 - loadIPPluginJar : add gpio
2023-01-03 17:18:27,150 [INFO] IPUIPlugin:79 - create IPUIPlugin
2023-01-03 17:18:27,150 [INFO] PluginManager:219 - loadIPPluginJar : add gtzc
2023-01-03 17:18:27,150 [INFO] IPUIPlugin:79 - create IPUIPlugin
2023-01-03 17:18:27,150 [INFO] PluginManager:219 - loadIPPluginJar : add hash
2023-01-03 17:18:27,156 [INFO] IPUIPlugin:79 - create IPUIPlugin
2023-01-03 17:18:27,156 [INFO] PluginManager:219 - loadIPPluginJar : add i2c
2023-01-03 17:18:27,156 [INFO] IPUIPlugin:79 - create IPUIPlugin
2023-01-03 17:18:27,156 [INFO] PluginManager:219 - loadIPPluginJar : add i2s
2023-01-03 17:18:27,160 [INFO] IPUIPlugin:79 - create IPUIPlugin
2023-01-03 17:18:27,160 [INFO] PluginManager:219 - loadIPPluginJar : add ipddr
2023-01-03 17:18:27,165 [INFO] IPUIPlugin:79 - create IPUIPlugin
2023-01-03 17:18:27,165 [INFO] PluginManager:219 - loadIPPluginJar : add linkedlist
2023-01-03 17:18:27,165 [INFO] IPUIPlugin:79 - create IPUIPlugin
2023-01-03 17:18:27,165 [INFO] PluginManager:219 - loadIPPluginJar : add lorawan
2023-01-03 17:18:27,165 [INFO] IPUIPlugin:79 - create IPUIPlugin
2023-01-03 17:18:27,165 [INFO] PluginManager:219 - loadIPPluginJar : add ltdc
2023-01-03 17:18:27,171 [INFO] IPUIPlugin:79 - create IPUIPlugin
2023-01-03 17:18:27,171 [INFO] PluginManager:219 - loadIPPluginJar : add mdma
2023-01-03 17:18:27,171 [INFO] IPUIPlugin:79 - create IPUIPlugin
2023-01-03 17:18:27,171 [INFO] PluginManager:219 - loadIPPluginJar : add nvic
2023-01-03 17:18:27,171 [INFO] IPUIPlugin:79 - create IPUIPlugin
2023-01-03 17:18:27,171 [INFO] PluginManager:219 - loadIPPluginJar : add opamp
2023-01-03 17:18:27,171 [INFO] IPUIPlugin:79 - create IPUIPlugin
2023-01-03 17:18:27,171 [INFO] PluginManager:219 - loadIPPluginJar : add openamp
2023-01-03 17:18:27,180 [INFO] IPUIPlugin:79 - create IPUIPlugin
2023-01-03 17:18:27,180 [INFO] PluginManager:219 - loadIPPluginJar : add pdm2pcm
2023-01-03 17:18:27,187 [INFO] IPUIPlugin:79 - create IPUIPlugin
2023-01-03 17:18:27,190 [INFO] PluginManager:219 - loadIPPluginJar : add plateformsettings
2023-01-03 17:18:27,190 [INFO] IPUIPlugin:79 - create IPUIPlugin
2023-01-03 17:18:27,190 [INFO] PluginManager:219 - loadIPPluginJar : add quadspi
2023-01-03 17:18:27,190 [INFO] IPUIPlugin:79 - create IPUIPlugin
2023-01-03 17:18:27,190 [INFO] PluginManager:219 - loadIPPluginJar : add resmgrutility
2023-01-03 17:18:27,200 [INFO] IPUIPlugin:79 - create IPUIPlugin
2023-01-03 17:18:27,200 [INFO] PluginManager:219 - loadIPPluginJar : add sai
2023-01-03 17:18:27,200 [INFO] IPUIPlugin:79 - create IPUIPlugin
2023-01-03 17:18:27,200 [INFO] PluginManager:219 - loadIPPluginJar : add spi
2023-01-03 17:18:27,203 [INFO] IPUIPlugin:79 - create IPUIPlugin
2023-01-03 17:18:27,203 [INFO] PluginManager:219 - loadIPPluginJar : add stm32_wpan
2023-01-03 17:18:27,203 [INFO] IPUIPlugin:79 - create IPUIPlugin
2023-01-03 17:18:27,203 [INFO] PluginManager:219 - loadIPPluginJar : add tim
2023-01-03 17:18:27,210 [INFO] IPUIPlugin:79 - create IPUIPlugin
2023-01-03 17:18:27,210 [INFO] PluginManager:219 - loadIPPluginJar : add touchsensing
2023-01-03 17:18:27,210 [INFO] IPUIPlugin:79 - create IPUIPlugin
2023-01-03 17:18:27,210 [INFO] PluginManager:219 - loadIPPluginJar : add tracer_emb
2023-01-03 17:18:27,210 [INFO] IPUIPlugin:79 - create IPUIPlugin
2023-01-03 17:18:27,210 [INFO] PluginManager:219 - loadIPPluginJar : add ts
2023-01-03 17:18:27,210 [INFO] IPUIPlugin:79 - create IPUIPlugin
2023-01-03 17:18:27,210 [INFO] PluginManager:219 - loadIPPluginJar : add tsc
2023-01-03 17:18:27,210 [INFO] IPUIPlugin:79 - create IPUIPlugin
2023-01-03 17:18:27,210 [INFO] PluginManager:219 - loadIPPluginJar : add ucpd
2023-01-03 17:18:27,219 [INFO] IPUIPlugin:79 - create IPUIPlugin
2023-01-03 17:18:27,220 [INFO] PluginManager:219 - loadIPPluginJar : add usart
2023-01-03 17:18:27,220 [INFO] IPUIPlugin:79 - create IPUIPlugin
2023-01-03 17:18:27,220 [INFO] PluginManager:219 - loadIPPluginJar : add usbx
2023-01-03 17:18:27,340 [INFO] CADModel:164 - CPN selected for project level
2023-01-03 17:18:27,340 [INFO] CADModel:113 - Register for checkConnection events
2023-01-03 17:18:27,340 [FATAL] Updater:308 - Updater called before beeing initialized
2023-01-03 17:18:27,340 [ERROR] CADModel:124 - Updater not yet initialized, retry later 
2023-01-03 17:18:27,450 [INFO] CADModel:164 - CPN selected for project level
2023-01-03 17:18:27,450 [INFO] CADModel:113 - Register for checkConnection events
2023-01-03 17:18:27,450 [FATAL] Updater:308 - Updater called before beeing initialized
2023-01-03 17:18:27,450 [ERROR] CADModel:124 - Updater not yet initialized, retry later 
2023-01-03 17:18:27,450 [FATAL] Updater:308 - Updater called before beeing initialized
2023-01-03 17:18:27,530 [FATAL] Updater:308 - Updater called before beeing initialized
2023-01-03 17:18:27,540 [INFO] DbMcusAds:52 - JSON generation date=Thu Sep 30 08:55:09 CEST 2021 (1632984909377)
2023-01-03 17:18:27,540 [FATAL] Updater:308 - Updater called before beeing initialized
2023-01-03 17:18:27,561 [WARN] DetailPanel:344 - Failed to get advertising image, set to default
2023-01-03 17:18:27,673 [FATAL] Updater:308 - Updater called before beeing initialized
2023-01-03 17:18:27,673 [FATAL] Updater:308 - Updater called before beeing initialized
2023-01-03 17:18:27,673 [FATAL] Updater:308 - Updater called before beeing initialized
2023-01-03 17:18:27,673 [WARN] DetailPanel:344 - Failed to get advertising image, set to default
2023-01-03 17:18:27,673 [FATAL] Updater:308 - Updater called before beeing initialized
2023-01-03 17:18:27,730 [ERROR] Updater:1120 - MainUpdater not yet initialized. External WinMGr cannot be set.
2023-01-03 17:18:27,730 [INFO] Updater:1056 - Updater Version found : 6.7.0
2023-01-03 17:18:27,745 [INFO] ApplicationProperties:181 - Using Application install path: C:\ST\STM32CubeIDE_1.11.0\STM32CubeIDE\plugins\com.st.stm32cube.common.mx_6.7.0.202211181646
2023-01-03 17:18:27,900 [INFO] MainUpdater:2800 - connection check result : 10
2023-01-03 17:18:27,900 [INFO] MainUpdater:282 - Updater Check For Update Now.
2023-01-03 17:18:27,900 [INFO] MicroXplorer:481 - Change Database Version : DB.6.0.70
2023-01-03 17:18:28,055 [INFO] CheckServerUpdateThread:119 - End of CheckServer Thread
2023-01-03 17:18:28,119 [INFO] MainUpdater:2800 - connection check result : 10
2023-01-03 17:18:28,120 [INFO] McuFinderGlobals:65 - Set McuFinderConnectedMode to true
2023-01-03 17:18:28,270 [INFO] ServerAccessManage:474 - Download File mcusAds.json._tmp_
2023-01-03 17:18:28,380 [INFO] LoadUrlFilesThread:150 - End of LoadUrlFiles Thread
2023-01-03 17:18:28,430 [INFO] ServerAccessManage:474 - Download File cube-finder-db.zip
2023-01-03 17:18:29,070 [INFO] FileExtend:239 - Unzip File : cube-finder-db.zip
2023-01-03 17:18:29,080 [INFO] FileExtend:254 - Standard Zip Deflate
2023-01-03 17:18:29,710 [INFO] LoadUrlFilesThread:150 - End of LoadUrlFiles Thread
2023-01-03 17:18:29,738 [WARN] MainUpdater:1186 - Updater busy. Cannot search thirdparties
2023-01-03 17:18:29,738 [INFO] ThirdPartyUpdaterWithRetryManager:96 - Updater plugin is busy. [1/15]
2023-01-03 17:18:29,920 [INFO] ServerAccessManage:474 - Download File crdb.zip
2023-01-03 17:18:30,152 [INFO] FileExtend:239 - Unzip File : crdb.zip
2023-01-03 17:18:30,152 [INFO] FileExtend:254 - Standard Zip Deflate
2023-01-03 17:18:30,280 [INFO] LoadUrlFilesThread:150 - End of LoadUrlFiles Thread
2023-01-03 17:18:30,311 [INFO] ServerAccessManage:474 - Download File tutoVideoDB.zip
2023-01-03 17:18:30,320 [INFO] FileExtend:239 - Unzip File : tutoVideoDB.zip
2023-01-03 17:18:30,320 [INFO] FileExtend:254 - Standard Zip Deflate
2023-01-03 17:18:30,440 [INFO] LoadUrlFilesThread:150 - End of LoadUrlFiles Thread
2023-01-03 17:18:30,450 [INFO] JxBrowserEngine:114 - Initiate JxBrowser Engine with user profile folder
2023-01-03 17:18:30,840 [WARN] DbFile:40 - Overriding database path with different value: C:\Users\anton\.stmcufinder\plugins\mcufinder/ => C:\Users\anton\.stmcufinder\plugins\mcufinder
2023-01-03 17:18:30,870 [INFO] ServerAccessManage:474 - Download File api_config.json
2023-01-03 17:18:30,980 [INFO] LoadUrlFilesThread:150 - End of LoadUrlFiles Thread
2023-01-03 17:18:30,980 [INFO] DbMcusAds:52 - JSON generation date=Thu Sep 30 08:55:09 CEST 2021 (1632984909377)
2023-01-03 17:18:31,001 [INFO] LoadUrlFilesThread:179 - End of LoadServerUrlFiles without Thread
2023-01-03 17:18:31,001 [INFO] TargetSelectorAdapter:258 - Refresh data is successful
2023-01-03 17:18:31,080 [INFO] ApiDb:580 - Connected to CubeFinder SQLite database (C:\Users\anton\.stmcufinder\plugins\mcufinder\mcu\cube-finder-db.db)
2023-01-03 17:18:31,122 [INFO] ApiDb:667 - CubeFinder database Data Model version=2.1
2023-01-03 17:18:31,122 [INFO] ApiDb:668 - CubeFinder database Configuration version=3.0.35
2023-01-03 17:18:31,122 [INFO] ApiDb:669 - CubeFinder database generation date=2022-12-01 (1669903473)
2023-01-03 17:18:31,122 [INFO] ApiDb:670 - CubeFinder database FW Pack versions=[FP-ATR-ASTRA1_V1.1.1, STM32Cube_FW_C0_V1.0.0, STM32Cube_FW_F4_V1.27.1, STM32Cube_FW_F7_V1.17.0, STM32Cube_FW_G0_V1.6.1, STM32Cube_FW_G4_V1.5.0, STM32Cube_FW_H5_V0.5.1, STM32Cube_FW_H7_V1.11.0, STM32Cube_FW_L5_V1.5.0, STM32Cube_FW_U5_V1.1.1, STM32Cube_FW_WBA_V0.2.0, STM32Cube_FW_WB_V1.15.0, STM32Cube_FW_WB_V1.15.0RC1, STM32Cube_FW_WL_V1.3.0, X-CUBE-ALGOBUILD_V1.3.0, X-CUBE-ALS_V1.0.1, X-CUBE-AZRTOS-F4_V1.1.0, X-CUBE-AZRTOS-F7_V1.1.0, X-CUBE-AZRTOS-G0_V1.1.0, X-CUBE-AZRTOS-G4_V1.0.0, X-CUBE-AZRTOS-H7_V2.1.0, X-CUBE-AZRTOS-L4_V1.0.0, X-CUBE-AZRTOS-L5_V1.0.0, X-CUBE-AZRTOS-WL_V1.0.0, X-CUBE-BLE1_V6.2.4, X-CUBE-BLE2_V3.3.0, X-CUBE-BLEMGR_V1.3.0, X-CUBE-EEPRMA1_V3.1.1, X-CUBE-GNSS1_V6.0.0, X-CUBE-MEMS1_V9.1.0, X-CUBE-MEMS1_V9.3.0, X-CUBE-NFC4_V2.0.5, X-CUBE-NFC7_V1.0.0, X-CUBE-SFXS2LP1_V4.0.0, X-CUBE-SUBG2_V5.0.0]
2023-01-03 17:18:32,260 [INFO] ApiDb:239 - Found 143 in-development CPN: [B-WB1M-WPAN1, B-WL5M-SUBG1, NUCLEO-C031C6, STEVAL-PROTEUS1, STEVAL-STWINBX1, STM320518-EVAL, STM32C0116-DK, STM32C011D6Y3TR, STM32C011D6Y6TR, STM32C011F4P3, STM32C011F4P6, STM32C011F4U3, STM32C011F4U6TR, STM32C011F6P3, STM32C011F6P6, STM32C011F6U3, STM32C011F6U6TR, STM32C011J4M3, STM32C011J4M6, STM32C011J6M3, STM32C011J6M6, STM32C0316-DK, STM32C031C4T3, STM32C031C4T6, STM32C031C4U3, STM32C031C4U6, STM32C031C6T3, STM32C031C6T6, STM32C031C6U3, STM32C031C6U6, STM32C031F4P3, STM32C031F4P6, STM32C031F6P3, STM32C031F6P6, STM32C031G4U3, STM32C031G4U6, STM32C031G6U3, STM32C031G6U6, STM32C031K4T3, STM32C031K4T6, STM32C031K4U3, STM32C031K4U6, STM32C031K6T3, STM32C031K6T6, STM32C031K6U3, STM32C031K6U6, STM32G071K8TXN, STM32G071K8UXN, STM32G081GBU6N, STM32G081KBT6N, STM32G081KBUXN, STM32G0B1CCT6N, STM32G0B1KCT6, STM32G0B1NEY6TR, STM32G0B1RCT6N, STM32G0C1CCT6, STM32G0C1CCT6N, STM32G0C1CCU6N, STM32G0C1CET6N, STM32G0C1CEU6N, STM32G0C1KCT6, STM32G0C1NEY6TR, STM32G0C1RCI6N, STM32G0C1RCT6N, STM32G0C1REI6N, STM32G0C1RET6N, STM32G0C1VCI6, STM32G0C1VEI6, STM32G471CCT6, STM32G471CCU6, STM32G471CET3, STM32G471CET6, STM32G471CEU3, STM32G471CEU6, STM32G471MCT6, STM32G471MET3, STM32G471MET6, STM32G471MEY6TR, STM32G471QCT6, STM32G471QET3, STM32G471RCT6, STM32G471RET3, STM32G471RET6, STM32G471VCH6, STM32G471VCI6, STM32G471VCT6, STM32G471VEH3, STM32G471VEH6, STM32G471VEI3, STM32G471VEI6, STM32G471VET3, STM32G471VET6, STM32G474CCT6, STM32L476VGY6PTR, STM32L4R5QGI6STR, STM32MP131AAE3, STM32MP131AAF3, STM32MP131AAG3, STM32MP131CAE3, STM32MP131CAF3, STM32MP131CAG3, STM32MP131DAE7, STM32MP131DAF7, STM32MP131DAG7, STM32MP131FAE7, STM32MP131FAF7, STM32MP131FAG7, STM32MP133AAE3, STM32MP133AAF3, STM32MP133AAG3, STM32MP133CAE3, STM32MP133CAF3, STM32MP133CAG3, STM32MP133DAE7, STM32MP133DAF7, STM32MP133DAG7, STM32MP133FAE7, STM32MP133FAF7, STM32MP133FAG7, STM32MP135AAE3, STM32MP135AAF3, STM32MP135AAG3, STM32MP135CAE3, STM32MP135CAF3, STM32MP135CAG3, STM32MP135DAE7, STM32MP135DAF7, STM32MP135DAG7, STM32MP135F-DK, STM32MP135FAE7, STM32MP135FAF7, STM32MP135FAF7T, STM32MP135FAF7U, STM32MP135FAG7, STM32U595ZJT6Q, STM32U599BJY6QTR, STM32U599NIH6Q, STM32U599NJH6Q, STM32U5A5ZJT6Q, STM32U5A9BJY6QTR, STM32U5A9NJH6Q, STM32WB1MMCH6, STM32WL5MOCH6TR]
2023-01-03 17:18:32,260 [INFO] DbMcus:215 - Found 3582 MCUs, 3582 are supported
2023-01-03 17:18:32,266 [INFO] ApiDb:422 - Load user favorites file C:\Users\anton/.stm32cubeide/favorites.mcus.txt: 0 item(s)
2023-01-03 17:18:32,266 [INFO] ApiDb:426 - User favorites MCUs=[]
2023-01-03 17:18:32,266 [INFO] DbMcus:221 - Set 0 / 0 favorites MCUs
2023-01-03 17:18:32,404 [INFO] ApiDb:667 - CubeFinder database Data Model version=2.1
2023-01-03 17:18:32,404 [INFO] ApiDb:668 - CubeFinder database Configuration version=3.0.35
2023-01-03 17:18:32,404 [INFO] ApiDb:669 - CubeFinder database generation date=2022-12-01 (1669903473)
2023-01-03 17:18:32,404 [INFO] ApiDb:670 - CubeFinder database FW Pack versions=[FP-ATR-ASTRA1_V1.1.1, STM32Cube_FW_C0_V1.0.0, STM32Cube_FW_F4_V1.27.1, STM32Cube_FW_F7_V1.17.0, STM32Cube_FW_G0_V1.6.1, STM32Cube_FW_G4_V1.5.0, STM32Cube_FW_H5_V0.5.1, STM32Cube_FW_H7_V1.11.0, STM32Cube_FW_L5_V1.5.0, STM32Cube_FW_U5_V1.1.1, STM32Cube_FW_WBA_V0.2.0, STM32Cube_FW_WB_V1.15.0, STM32Cube_FW_WB_V1.15.0RC1, STM32Cube_FW_WL_V1.3.0, X-CUBE-ALGOBUILD_V1.3.0, X-CUBE-ALS_V1.0.1, X-CUBE-AZRTOS-F4_V1.1.0, X-CUBE-AZRTOS-F7_V1.1.0, X-CUBE-AZRTOS-G0_V1.1.0, X-CUBE-AZRTOS-G4_V1.0.0, X-CUBE-AZRTOS-H7_V2.1.0, X-CUBE-AZRTOS-L4_V1.0.0, X-CUBE-AZRTOS-L5_V1.0.0, X-CUBE-AZRTOS-WL_V1.0.0, X-CUBE-BLE1_V6.2.4, X-CUBE-BLE2_V3.3.0, X-CUBE-BLEMGR_V1.3.0, X-CUBE-EEPRMA1_V3.1.1, X-CUBE-GNSS1_V6.0.0, X-CUBE-MEMS1_V9.1.0, X-CUBE-MEMS1_V9.3.0, X-CUBE-NFC4_V2.0.5, X-CUBE-NFC7_V1.0.0, X-CUBE-SFXS2LP1_V4.0.0, X-CUBE-SUBG2_V5.0.0]
2023-01-03 17:18:32,440 [INFO] DbBoardsSqlite:225 - include board P-NUCLEO-WB55-NUCLEO as a kit item of type 'Nucleo-64'
2023-01-03 17:18:32,440 [INFO] DbBoardsSqlite:225 - include board P-NUCLEO-WB55-USBDONGLE as a kit item of type 'Nucleo USB Dongle'
2023-01-03 17:18:32,440 [INFO] DbBoardsSqlite:225 - include board STEVAL-IDP005V1 as a kit item of type 'Evaluation Board'
2023-01-03 17:18:32,440 [INFO] DbBoardsSqlite:225 - include board STEVAL-IDP005V2 as a kit item of type 'Evaluation Board'
2023-01-03 17:18:32,460 [INFO] ApiDb:239 - Found 143 in-development CPN: [B-WB1M-WPAN1, B-WL5M-SUBG1, NUCLEO-C031C6, STEVAL-PROTEUS1, STEVAL-STWINBX1, STM320518-EVAL, STM32C0116-DK, STM32C011D6Y3TR, STM32C011D6Y6TR, STM32C011F4P3, STM32C011F4P6, STM32C011F4U3, STM32C011F4U6TR, STM32C011F6P3, STM32C011F6P6, STM32C011F6U3, STM32C011F6U6TR, STM32C011J4M3, STM32C011J4M6, STM32C011J6M3, STM32C011J6M6, STM32C0316-DK, STM32C031C4T3, STM32C031C4T6, STM32C031C4U3, STM32C031C4U6, STM32C031C6T3, STM32C031C6T6, STM32C031C6U3, STM32C031C6U6, STM32C031F4P3, STM32C031F4P6, STM32C031F6P3, STM32C031F6P6, STM32C031G4U3, STM32C031G4U6, STM32C031G6U3, STM32C031G6U6, STM32C031K4T3, STM32C031K4T6, STM32C031K4U3, STM32C031K4U6, STM32C031K6T3, STM32C031K6T6, STM32C031K6U3, STM32C031K6U6, STM32G071K8TXN, STM32G071K8UXN, STM32G081GBU6N, STM32G081KBT6N, STM32G081KBUXN, STM32G0B1CCT6N, STM32G0B1KCT6, STM32G0B1NEY6TR, STM32G0B1RCT6N, STM32G0C1CCT6, STM32G0C1CCT6N, STM32G0C1CCU6N, STM32G0C1CET6N, STM32G0C1CEU6N, STM32G0C1KCT6, STM32G0C1NEY6TR, STM32G0C1RCI6N, STM32G0C1RCT6N, STM32G0C1REI6N, STM32G0C1RET6N, STM32G0C1VCI6, STM32G0C1VEI6, STM32G471CCT6, STM32G471CCU6, STM32G471CET3, STM32G471CET6, STM32G471CEU3, STM32G471CEU6, STM32G471MCT6, STM32G471MET3, STM32G471MET6, STM32G471MEY6TR, STM32G471QCT6, STM32G471QET3, STM32G471RCT6, STM32G471RET3, STM32G471RET6, STM32G471VCH6, STM32G471VCI6, STM32G471VCT6, STM32G471VEH3, STM32G471VEH6, STM32G471VEI3, STM32G471VEI6, STM32G471VET3, STM32G471VET6, STM32G474CCT6, STM32L476VGY6PTR, STM32L4R5QGI6STR, STM32MP131AAE3, STM32MP131AAF3, STM32MP131AAG3, STM32MP131CAE3, STM32MP131CAF3, STM32MP131CAG3, STM32MP131DAE7, STM32MP131DAF7, STM32MP131DAG7, STM32MP131FAE7, STM32MP131FAF7, STM32MP131FAG7, STM32MP133AAE3, STM32MP133AAF3, STM32MP133AAG3, STM32MP133CAE3, STM32MP133CAF3, STM32MP133CAG3, STM32MP133DAE7, STM32MP133DAF7, STM32MP133DAG7, STM32MP133FAE7, STM32MP133FAF7, STM32MP133FAG7, STM32MP135AAE3, STM32MP135AAF3, STM32MP135AAG3, STM32MP135CAE3, STM32MP135CAF3, STM32MP135CAG3, STM32MP135DAE7, STM32MP135DAF7, STM32MP135DAG7, STM32MP135F-DK, STM32MP135FAE7, STM32MP135FAF7, STM32MP135FAF7T, STM32MP135FAF7U, STM32MP135FAG7, STM32U595ZJT6Q, STM32U599BJY6QTR, STM32U599NIH6Q, STM32U599NJH6Q, STM32U5A5ZJT6Q, STM32U5A9BJY6QTR, STM32U5A9NJH6Q, STM32WB1MMCH6, STM32WL5MOCH6TR]
2023-01-03 17:18:32,560 [INFO] BoardInfo:879 - No configuration file found for board P-NUCLEO-WB55
2023-01-03 17:18:32,560 [INFO] DbBoards:156 - Kit is not supported: P-NUCLEO-WB55
2023-01-03 17:18:32,560 [INFO] BoardInfo:879 - No configuration file found for board STEVAL-BFA001V1B
2023-01-03 17:18:32,560 [INFO] DbBoards:156 - Kit is not supported: STEVAL-BFA001V1B
2023-01-03 17:18:32,560 [INFO] BoardInfo:879 - No configuration file found for board STEVAL-BFA001V2B
2023-01-03 17:18:32,560 [INFO] DbBoards:156 - Kit is not supported: STEVAL-BFA001V2B
2023-01-03 17:18:32,650 [INFO] DbBoards:160 - Found 179 boards, 176 are supported
2023-01-03 17:18:32,664 [INFO] ApiDb:422 - Load user favorites file C:\Users\anton/.stm32cubeide/favorites.boards.txt: 0 item(s)
2023-01-03 17:18:32,664 [INFO] ApiDb:426 - User favorites Boards=[]
2023-01-03 17:18:32,664 [INFO] DbBoards:189 - Set 0 / 0 favorites Boards
2023-01-03 17:18:32,664 [INFO] ApiDb:667 - CubeFinder database Data Model version=2.1
2023-01-03 17:18:32,664 [INFO] ApiDb:668 - CubeFinder database Configuration version=3.0.35
2023-01-03 17:18:32,664 [INFO] ApiDb:669 - CubeFinder database generation date=2022-12-01 (1669903473)
2023-01-03 17:18:32,664 [INFO] ApiDb:670 - CubeFinder database FW Pack versions=[FP-ATR-ASTRA1_V1.1.1, STM32Cube_FW_C0_V1.0.0, STM32Cube_FW_F4_V1.27.1, STM32Cube_FW_F7_V1.17.0, STM32Cube_FW_G0_V1.6.1, STM32Cube_FW_G4_V1.5.0, STM32Cube_FW_H5_V0.5.1, STM32Cube_FW_H7_V1.11.0, STM32Cube_FW_L5_V1.5.0, STM32Cube_FW_U5_V1.1.1, STM32Cube_FW_WBA_V0.2.0, STM32Cube_FW_WB_V1.15.0, STM32Cube_FW_WB_V1.15.0RC1, STM32Cube_FW_WL_V1.3.0, X-CUBE-ALGOBUILD_V1.3.0, X-CUBE-ALS_V1.0.1, X-CUBE-AZRTOS-F4_V1.1.0, X-CUBE-AZRTOS-F7_V1.1.0, X-CUBE-AZRTOS-G0_V1.1.0, X-CUBE-AZRTOS-G4_V1.0.0, X-CUBE-AZRTOS-H7_V2.1.0, X-CUBE-AZRTOS-L4_V1.0.0, X-CUBE-AZRTOS-L5_V1.0.0, X-CUBE-AZRTOS-WL_V1.0.0, X-CUBE-BLE1_V6.2.4, X-CUBE-BLE2_V3.3.0, X-CUBE-BLEMGR_V1.3.0, X-CUBE-EEPRMA1_V3.1.1, X-CUBE-GNSS1_V6.0.0, X-CUBE-MEMS1_V9.1.0, X-CUBE-MEMS1_V9.3.0, X-CUBE-NFC4_V2.0.5, X-CUBE-NFC7_V1.0.0, X-CUBE-SFXS2LP1_V4.0.0, X-CUBE-SUBG2_V5.0.0]
2023-01-03 17:18:32,854 [WARN] PackLoader:242 - Cannot read IP mode file for STMicroelectronics.X-CUBE-GNSS1.6.0.0
2023-01-03 17:18:32,890 [WARN] PackLoader:242 - Cannot read IP mode file for STMicroelectronics.X-CUBE-AZRTOS-F4.1.1.0
2023-01-03 17:18:32,920 [WARN] PackLoader:242 - Cannot read IP mode file for STMicroelectronics.X-CUBE-AZRTOS-F7.1.1.0
2023-01-03 17:18:32,930 [WARN] PackLoader:242 - Cannot read IP mode file for STMicroelectronics.X-CUBE-BLE1.6.2.4
2023-01-03 17:18:32,945 [WARN] PackLoader:242 - Cannot read IP mode file for emotas.I-CUBE-CANOPEN.1.1.3
2023-01-03 17:18:32,960 [WARN] PackLoader:242 - Cannot read IP mode file for STMicroelectronics.X-CUBE-NFC4.2.0.5
2023-01-03 17:18:32,966 [WARN] PackLoader:242 - Cannot read IP mode file for wolfSSL.I-CUBE-wolfSSL.5.5.3
2023-01-03 17:18:32,970 [WARN] PackLoader:242 - Cannot read IP mode file for STMicroelectronics.X-CUBE-NFC7.1.0.0
2023-01-03 17:18:32,982 [WARN] PackLoader:242 - Cannot read IP mode file for STMicroelectronics.X-CUBE-SFXS2LP1.4.0.0
2023-01-03 17:18:32,990 [WARN] PackLoader:242 - Cannot read IP mode file for STMicroelectronics.X-CUBE-BLE2.3.3.0
2023-01-03 17:18:32,998 [WARN] PackLoader:242 - Cannot read IP mode file for STMicroelectronics.X-CUBE-DISPLAY.2.2.0
2023-01-03 17:18:33,014 [WARN] PackLoader:242 - Cannot read IP mode file for STMicroelectronics.X-CUBE-TOF1.3.2.0
2023-01-03 17:18:33,050 [WARN] PackLoader:242 - Cannot read IP mode file for STMicroelectronics.X-CUBE-AZRTOS-H7.3.0.0
2023-01-03 17:18:33,060 [WARN] PackLoader:242 - Cannot read IP mode file for STMicroelectronics.X-CUBE-ISPU.1.1.0
2023-01-03 17:18:33,070 [WARN] PackLoader:242 - Cannot read IP mode file for RoweBots.I-CUBE-UNISONRTOS.5.5.0-4
2023-01-03 17:18:33,110 [WARN] PackLoader:242 - Cannot read IP mode file for STMicroelectronics.X-CUBE-AZRTOS-H7.2.1.0
2023-01-03 17:18:33,126 [WARN] PackLoader:242 - Cannot read IP mode file for STMicroelectronics.X-CUBE-TOUCHGFX.4.21.0
2023-01-03 17:18:33,174 [WARN] PackLoader:242 - Cannot read IP mode file for STMicroelectronics.X-CUBE-MEMS1.9.4.0
2023-01-03 17:18:33,365 [WARN] PackLoader:242 - Cannot read IP mode file for STMicroelectronics.X-CUBE-AI.7.3.0
2023-01-03 17:18:33,375 [WARN] PackLoader:242 - Cannot read IP mode file for STMicroelectronics.X-CUBE-ALGOBUILD.1.3.0
2023-01-03 17:18:33,395 [WARN] PackLoader:242 - Cannot read IP mode file for STMicroelectronics.X-CUBE-AZRTOS-L5.1.1.0
2023-01-03 17:18:33,413 [WARN] PackLoader:242 - Cannot read IP mode file for STMicroelectronics.X-CUBE-AZRTOS-G0.1.1.0
2023-01-03 17:18:33,430 [WARN] PackLoader:242 - Cannot read IP mode file for STMicroelectronics.X-CUBE-SUBG2.5.0.0
2023-01-03 17:18:33,440 [WARN] PackLoader:242 - Cannot read IP mode file for STMicroelectronics.FP-ATR-ASTRA1.1.1.1
2023-01-03 17:18:33,445 [WARN] PackLoader:242 - Cannot read IP mode file for STMicroelectronics.X-CUBE-BLEMGR.1.3.0
2023-01-03 17:18:33,470 [WARN] PackLoader:242 - Cannot read IP mode file for STMicroelectronics.X-CUBE-AZRTOS-G4.1.0.0
2023-01-03 17:18:33,480 [WARN] PackLoader:242 - Cannot read IP mode file for STMicroelectronics.FP-ATR-SIGFOX1.3.2.0
2023-01-03 17:18:33,480 [INFO] DbExamplesSqlite:375 - Ignored 31 examples not supported by CubeIDE
2023-01-03 17:18:33,480 [INFO] DbExamplesSqlite:376 - Found 6218 examples active
2023-01-03 17:18:33,480 [INFO] DbExamplesSqlite:377 - Found 275 examples obsolete
2023-01-03 17:18:33,480 [INFO] DbExamplesSqlite:378 - Found 0 examples under development
2023-01-03 17:18:33,480 [INFO] DbExamplesSqlite:379 - Found 76 examples not building
2023-01-03 17:18:33,485 [INFO] DbExamples:124 - Found 6263 examples
2023-01-03 17:18:33,510 [WARN] PackLoader:242 - Cannot read IP mode file for STMicroelectronics.X-CUBE-AZRTOS-L4.1.0.0
2023-01-03 17:18:33,515 [WARN] PackLoader:242 - Cannot read IP mode file for STMicroelectronics.X-CUBE-TOUCHGFX.4.20.0
2023-01-03 17:18:33,530 [WARN] PackLoader:242 - Cannot read IP mode file for STMicroelectronics.X-CUBE-AZRTOS-WL.1.0.0
2023-01-03 17:18:33,535 [WARN] PackLoader:242 - Cannot read IP mode file for portGmbH.I-Cube-SoM-uGOAL.1.1.0
2023-01-03 17:18:33,541 [WARN] PackLoader:242 - Cannot read IP mode file for STMicroelectronics.X-CUBE-ALS.1.0.1
2023-01-03 17:18:33,550 [ERROR] DbExamples:207 - Found 106 examples with invalid data (board or MCU)
2023-01-03 17:18:33,550 [INFO] DbExamples:221 - Found 78 boards with related examples
2023-01-03 17:18:33,550 [INFO] DbExamples:234 - Found 63 MCUs with related examples
2023-01-03 17:18:33,557 [WARN] PackLoader:242 - Cannot read IP mode file for STMicroelectronics.X-CUBE-AZRTOS-WB.1.1.0
2023-01-03 17:18:33,560 [WARN] PackLoader:242 - Cannot read IP mode file for STMicroelectronics.X-CUBE-EEPRMA1.3.1.1
2023-01-03 17:18:33,573 [INFO] ApiDb:413 - User favorites file not found: C:\Users\anton/.stm32cubeide/favorites.examples.txt
2023-01-03 17:18:33,573 [INFO] DbExamples:249 - Set 0 / 0 favorites Examples
2023-01-03 17:18:33,600 [WARN] PackLoader:242 - Cannot read IP mode file for SEGGER.I-CUBE-embOS.1.3.0
2023-01-03 17:18:33,668 [INFO] ThirdParty:947 - Integrity check success = true
2023-01-03 17:18:33,668 [INFO] IntegrityCheckThread:98 - exiting critical section [integrity check]
2023-01-03 17:18:33,668 [INFO] IntegrityCheckThread:101 - End integrity checks thread
2023-01-03 17:18:33,770 [INFO] McuFinderGlobals:65 - Set McuFinderConnectedMode to true
2023-01-03 17:18:33,790 [INFO] MultiScanPanel:196 - Auto-refresh data requested => check proxy status ongoing
2023-01-03 17:18:33,796 [INFO] FinderPluginLoader:92 - Searching for filters in installed packs
2023-01-03 17:18:35,090 [INFO] LoadUrlFilesThread:179 - End of LoadServerUrlFiles without Thread
2023-01-03 17:18:35,100 [INFO] DetailPanel:339 - Set advertising image to C:/Users/anton/STM32Cube/Repository/\en.Prom_NBSTM32U50921.jpg
2023-01-03 17:18:38,250 [INFO] McuFinderGlobals:65 - Set McuFinderConnectedMode to true
2023-01-03 17:18:38,250 [INFO] ApiDb:447 - Save user favorites file C:\Users\anton/.stm32cubeide/favorites.mcus.txt: 0 item(s)
2023-01-03 17:18:38,250 [INFO] ApiDb:451 - User favorites MCUs=[]
2023-01-03 17:19:17,090 [INFO] WebAppUi:459 - Close the Jxbrowser engine manually
2023-01-03 17:19:17,121 [INFO] WebAppUi:462 - Profiles folder deleted
2023-01-03 17:19:17,360 [ERROR] LogOutputStream:74 - [STDERR_REDIRECT] 
